This file contains any messages produced by compilers while
running configure, to aid debugging if configure makes a mistake.

It was created by HP Linux Imaging and Printing configure 3.15.11, which was
generated by GNU Autoconf 2.68.  Invocation command line was

  $ ./configure --with-hpppddir=/usr/share/ppd/HP --libdir=/usr/lib/x86_64-linux-gnu --prefix=/usr --enable-fax-build --disable-udev_sysfs_rules --enable-network-build --enable-scan-build --disable-libusb01_build --enable-cups-drv-install --disable-policykit --enable-doc-build --enable-qt4 --disable-foomatic-ppd-install --disable-cups-ppd-install --disable-foomatic-drv-install --disable-hpijs-install --enable-hpcups-install --enable-dbus-build

## --------- ##
## Platform. ##
## --------- ##

hostname = BioSysAdmin
uname -m = x86_64
uname -r = 3.13.0-24-generic
uname -s = Linux
uname -v = #47-Ubuntu SMP Fri May 2 23:30:00 UTC 2014

/usr/bin/uname -p = unknown
/bin/uname -X     = unknown

/bin/arch              = unknown
/usr/bin/arch -k       = unknown
/usr/convex/getsysinfo = unknown
/usr/bin/hostinfo      = unknown
/bin/machine           = unknown
/usr/bin/oslevel       = unknown
/bin/universe          = unknown

PATH: /usr/local/sbin
PATH: /usr/local/bin
PATH: /usr/sbin
PATH: /usr/bin
PATH: /sbin
PATH: /bin
PATH: /usr/games
PATH: /usr/local/games


## ----------- ##
## Core tests. ##
## ----------- ##

configure:2642: checking for a BSD-compatible install
configure:2710: result: /usr/bin/install -c
configure:2721: checking whether build environment is sane
configure:2771: result: yes
configure:2912: checking for a thread-safe mkdir -p
configure:2951: result: /bin/mkdir -p
configure:2964: checking for gawk
configure:2980: found /usr/bin/gawk
configure:2991: result: gawk
configure:3002: checking whether make sets $(MAKE)
configure:3024: result: yes
configure:3195: checking for g++
configure:3211: found /usr/bin/g++
configure:3222: result: g++
configure:3249: checking for C++ compiler version
configure:3258: g++ --version >&5
g++ (Ubuntu 4.8.4-2ubuntu1~14.04) 4.8.4
Copyright (C) 2013 Free Software Foundation, Inc.
This is free software; see the source for copying conditions.  There is NO
warranty; not even for MERCHANTABILITY or FITNESS FOR A PARTICULAR PURPOSE.

configure:3269: $? = 0
configure:3258: g++ -v >&5
Using built-in specs.
COLLECT_GCC=g++
COLLECT_LTO_WRAPPER=/usr/lib/gcc/x86_64-linux-gnu/4.8/lto-wrapper
Target: x86_64-linux-gnu
Configured with: ../src/configure -v --with-pkgversion='Ubuntu 4.8.4-2ubuntu1~14.04' --with-bugurl=file:///usr/share/doc/gcc-4.8/README.Bugs --enable-languages=c,c++,java,go,d,fortran,objc,obj-c++ --prefix=/usr --program-suffix=-4.8 --enable-shared --enable-linker-build-id --libexecdir=/usr/lib --without-included-gettext --enable-threads=posix --with-gxx-include-dir=/usr/include/c++/4.8 --libdir=/usr/lib --enable-nls --with-sysroot=/ --enable-clocale=gnu --enable-libstdcxx-debug --enable-libstdcxx-time=yes --enable-gnu-unique-object --disable-libmudflap --enable-plugin --with-system-zlib --disable-browser-plugin --enable-java-awt=gtk --enable-gtk-cairo --with-java-home=/usr/lib/jvm/java-1.5.0-gcj-4.8-amd64/jre --enable-java-home --with-jvm-root-dir=/usr/lib/jvm/java-1.5.0-gcj-4.8-amd64 --with-jvm-jar-dir=/usr/lib/jvm-exports/java-1.5.0-gcj-4.8-amd64 --with-arch-directory=amd64 --with-ecj-jar=/usr/share/java/eclipse-ecj.jar --enable-objc-gc --enable-multiarch --disable-werror --with-arch-32=i686 --with-abi=m64 --with-multilib-list=m32,m64,mx32 --with-tune=generic --enable-checking=release --build=x86_64-linux-gnu --host=x86_64-linux-gnu --target=x86_64-linux-gnu
Thread model: posix
gcc version 4.8.4 (Ubuntu 4.8.4-2ubuntu1~14.04) 
configure:3269: $? = 0
configure:3258: g++ -V >&5
g++: error: unrecognized command line option '-V'
g++: fatal error: no input files
compilation terminated.
configure:3269: $? = 4
configure:3258: g++ -qversion >&5
g++: error: unrecognized command line option '-qversion'
g++: fatal error: no input files
compilation terminated.
configure:3269: $? = 4
configure:3289: checking whether the C++ compiler works
configure:3311: g++    conftest.cpp  >&5
configure:3315: $? = 0
configure:3363: result: yes
configure:3366: checking for C++ compiler default output file name
configure:3368: result: a.out
configure:3374: checking for suffix of executables
configure:3381: g++ -o conftest    conftest.cpp  >&5
configure:3385: $? = 0
configure:3407: result: 
configure:3429: checking whether we are cross compiling
configure:3437: g++ -o conftest    conftest.cpp  >&5
configure:3441: $? = 0
configure:3448: ./conftest
configure:3452: $? = 0
configure:3467: result: no
configure:3472: checking for suffix of object files
configure:3494: g++ -c   conftest.cpp >&5
configure:3498: $? = 0
configure:3519: result: o
configure:3523: checking whether we are using the GNU C++ compiler
configure:3542: g++ -c   conftest.cpp >&5
configure:3542: $? = 0
configure:3551: result: yes
configure:3560: checking whether g++ accepts -g
configure:3580: g++ -c -g  conftest.cpp >&5
configure:3580: $? = 0
configure:3621: result: yes
configure:3655: checking for style of include used by make
configure:3683: result: GNU
configure:3708: checking dependency style of g++
configure:3818: result: gcc3
configure:3881: checking for gcc
configure:3897: found /usr/bin/gcc
configure:3908: result: gcc
configure:4137: checking for C compiler version
configure:4146: gcc --version >&5
gcc (Ubuntu 4.8.4-2ubuntu1~14.04) 4.8.4
Copyright (C) 2013 Free Software Foundation, Inc.
This is free software; see the source for copying conditions.  There is NO
warranty; not even for MERCHANTABILITY or FITNESS FOR A PARTICULAR PURPOSE.

configure:4157: $? = 0
configure:4146: gcc -v >&5
Using built-in specs.
COLLECT_GCC=gcc
COLLECT_LTO_WRAPPER=/usr/lib/gcc/x86_64-linux-gnu/4.8/lto-wrapper
Target: x86_64-linux-gnu
Configured with: ../src/configure -v --with-pkgversion='Ubuntu 4.8.4-2ubuntu1~14.04' --with-bugurl=file:///usr/share/doc/gcc-4.8/README.Bugs --enable-languages=c,c++,java,go,d,fortran,objc,obj-c++ --prefix=/usr --program-suffix=-4.8 --enable-shared --enable-linker-build-id --libexecdir=/usr/lib --without-included-gettext --enable-threads=posix --with-gxx-include-dir=/usr/include/c++/4.8 --libdir=/usr/lib --enable-nls --with-sysroot=/ --enable-clocale=gnu --enable-libstdcxx-debug --enable-libstdcxx-time=yes --enable-gnu-unique-object --disable-libmudflap --enable-plugin --with-system-zlib --disable-browser-plugin --enable-java-awt=gtk --enable-gtk-cairo --with-java-home=/usr/lib/jvm/java-1.5.0-gcj-4.8-amd64/jre --enable-java-home --with-jvm-root-dir=/usr/lib/jvm/java-1.5.0-gcj-4.8-amd64 --with-jvm-jar-dir=/usr/lib/jvm-exports/java-1.5.0-gcj-4.8-amd64 --with-arch-directory=amd64 --with-ecj-jar=/usr/share/java/eclipse-ecj.jar --enable-objc-gc --enable-multiarch --disable-werror --with-arch-32=i686 --with-abi=m64 --with-multilib-list=m32,m64,mx32 --with-tune=generic --enable-checking=release --build=x86_64-linux-gnu --host=x86_64-linux-gnu --target=x86_64-linux-gnu
Thread model: posix
gcc version 4.8.4 (Ubuntu 4.8.4-2ubuntu1~14.04) 
configure:4157: $? = 0
configure:4146: gcc -V >&5
gcc: error: unrecognized command line option '-V'
gcc: fatal error: no input files
compilation terminated.
configure:4157: $? = 4
configure:4146: gcc -qversion >&5
gcc: error: unrecognized command line option '-qversion'
gcc: fatal error: no input files
compilation terminated.
configure:4157: $? = 4
configure:4161: checking whether we are using the GNU C compiler
configure:4180: gcc -c   conftest.c >&5
configure:4180: $? = 0
configure:4189: result: yes
configure:4198: checking whether gcc accepts -g
configure:4218: gcc -c -g  conftest.c >&5
configure:4218: $? = 0
configure:4259: result: yes
configure:4276: checking for gcc option to accept ISO C89
configure:4340: gcc  -c -g -O2  conftest.c >&5
configure:4340: $? = 0
configure:4353: result: none needed
configure:4375: checking dependency style of gcc
configure:4485: result: gcc3
configure:4530: checking build system type
configure:4544: result: x86_64-unknown-linux-gnu
configure:4564: checking host system type
configure:4577: result: x86_64-unknown-linux-gnu
configure:4618: checking how to print strings
configure:4645: result: printf
configure:4666: checking for a sed that does not truncate output
configure:4730: result: /bin/sed
configure:4748: checking for grep that handles long lines and -e
configure:4806: result: /bin/grep
configure:4811: checking for egrep
configure:4873: result: /bin/grep -E
configure:4878: checking for fgrep
configure:4940: result: /bin/grep -F
configure:4975: checking for ld used by gcc
configure:5042: result: /usr/bin/ld
configure:5049: checking if the linker (/usr/bin/ld) is GNU ld
configure:5064: result: yes
configure:5076: checking for BSD- or MS-compatible name lister (nm)
configure:5125: result: /usr/bin/nm -B
configure:5255: checking the name lister (/usr/bin/nm -B) interface
configure:5262: gcc -c -g -O2  conftest.c >&5
configure:5265: /usr/bin/nm -B "conftest.o"
configure:5268: output
0000000000000000 B some_variable
configure:5275: result: BSD nm
configure:5278: checking whether ln -s works
configure:5282: result: yes
configure:5290: checking the maximum length of command line arguments
configure:5415: result: 1572864
configure:5432: checking whether the shell understands some XSI constructs
configure:5442: result: yes
configure:5446: checking whether the shell understands "+="
configure:5452: result: yes
configure:5487: checking how to convert x86_64-unknown-linux-gnu file names to x86_64-unknown-linux-gnu format
configure:5527: result: func_convert_file_noop
configure:5534: checking how to convert x86_64-unknown-linux-gnu file names to toolchain format
configure:5554: result: func_convert_file_noop
configure:5561: checking for /usr/bin/ld option to reload object files
configure:5568: result: -r
configure:5642: checking for objdump
configure:5658: found /usr/bin/objdump
configure:5669: result: objdump
configure:5701: checking how to recognize dependent libraries
configure:5903: result: pass_all
configure:5988: checking for dlltool
configure:6018: result: no
configure:6048: checking how to associate runtime and link libraries
configure:6075: result: printf %s\n
configure:6136: checking for ar
configure:6152: found /usr/bin/ar
configure:6163: result: ar
configure:6200: checking for archiver @FILE support
configure:6217: gcc -c -g -O2  conftest.c >&5
configure:6217: $? = 0
configure:6220: ar cru libconftest.a @conftest.lst >&5
configure:6223: $? = 0
configure:6228: ar cru libconftest.a @conftest.lst >&5
ar: conftest.o: No such file or directory
configure:6231: $? = 1
configure:6243: result: @
configure:6301: checking for strip
configure:6317: found /usr/bin/strip
configure:6328: result: strip
configure:6400: checking for ranlib
configure:6416: found /usr/bin/ranlib
configure:6427: result: ranlib
configure:6529: checking command to parse /usr/bin/nm -B output from gcc object
configure:6648: gcc -c -g -O2  conftest.c >&5
configure:6651: $? = 0
configure:6655: /usr/bin/nm -B conftest.o \| sed -n -e 's/^.*[ ]\([ABCDGIRSTW][ABCDGIRSTW]*\)[ ][ ]*\([_A-Za-z][_A-Za-z0-9]*\)$/\1 \2 \2/p' | sed '/ __gnu_lto/d' \> conftest.nm
configure:6658: $? = 0
configure:6724: gcc -o conftest -g -O2   conftest.c conftstm.o >&5
configure:6727: $? = 0
configure:6765: result: ok
configure:6802: checking for sysroot
configure:6832: result: no
configure:6909: gcc -c -g -O2  conftest.c >&5
configure:6912: $? = 0
configure:7075: checking for mt
configure:7091: found /bin/mt
configure:7102: result: mt
configure:7125: checking if mt is a manifest tool
configure:7131: mt '-?'
configure:7139: result: no
configure:7771: checking how to run the C preprocessor
configure:7802: gcc -E  conftest.c
configure:7802: $? = 0
configure:7816: gcc -E  conftest.c
conftest.c:11:28: fatal error: ac_nonexistent.h: No such file or directory
 #include <ac_nonexistent.h>
                            ^
compilation terminated.
configure:7816: $? = 1
configure: failed program was:
| /* confdefs.h */
| #define PACKAGE_NAME "HP Linux Imaging and Printing"
| #define PACKAGE_TARNAME "hplip"
| #define PACKAGE_VERSION "3.15.11"
| #define PACKAGE_STRING "HP Linux Imaging and Printing 3.15.11"
| #define PACKAGE_BUGREPORT "3.15.11"
| #define PACKAGE_URL ""
| #define PACKAGE "hplip"
| #define VERSION "3.15.11"
| /* end confdefs.h.  */
| #include <ac_nonexistent.h>
configure:7841: result: gcc -E
configure:7861: gcc -E  conftest.c
configure:7861: $? = 0
configure:7875: gcc -E  conftest.c
conftest.c:11:28: fatal error: ac_nonexistent.h: No such file or directory
 #include <ac_nonexistent.h>
                            ^
compilation terminated.
configure:7875: $? = 1
configure: failed program was:
| /* confdefs.h */
| #define PACKAGE_NAME "HP Linux Imaging and Printing"
| #define PACKAGE_TARNAME "hplip"
| #define PACKAGE_VERSION "3.15.11"
| #define PACKAGE_STRING "HP Linux Imaging and Printing 3.15.11"
| #define PACKAGE_BUGREPORT "3.15.11"
| #define PACKAGE_URL ""
| #define PACKAGE "hplip"
| #define VERSION "3.15.11"
| /* end confdefs.h.  */
| #include <ac_nonexistent.h>
configure:7904: checking for ANSI C header files
configure:7924: gcc -c -g -O2  conftest.c >&5
configure:7924: $? = 0
configure:7997: gcc -o conftest -g -O2   conftest.c  >&5
configure:7997: $? = 0
configure:7997: ./conftest
configure:7997: $? = 0
configure:8008: result: yes
configure:8021: checking for sys/types.h
configure:8021: gcc -c -g -O2  conftest.c >&5
configure:8021: $? = 0
configure:8021: result: yes
configure:8021: checking for sys/stat.h
configure:8021: gcc -c -g -O2  conftest.c >&5
configure:8021: $? = 0
configure:8021: result: yes
configure:8021: checking for stdlib.h
configure:8021: gcc -c -g -O2  conftest.c >&5
configure:8021: $? = 0
configure:8021: result: yes
configure:8021: checking for string.h
configure:8021: gcc -c -g -O2  conftest.c >&5
configure:8021: $? = 0
configure:8021: result: yes
configure:8021: checking for memory.h
configure:8021: gcc -c -g -O2  conftest.c >&5
configure:8021: $? = 0
configure:8021: result: yes
configure:8021: checking for strings.h
configure:8021: gcc -c -g -O2  conftest.c >&5
configure:8021: $? = 0
configure:8021: result: yes
configure:8021: checking for inttypes.h
configure:8021: gcc -c -g -O2  conftest.c >&5
configure:8021: $? = 0
configure:8021: result: yes
configure:8021: checking for stdint.h
configure:8021: gcc -c -g -O2  conftest.c >&5
configure:8021: $? = 0
configure:8021: result: yes
configure:8021: checking for unistd.h
configure:8021: gcc -c -g -O2  conftest.c >&5
configure:8021: $? = 0
configure:8021: result: yes
configure:8035: checking for dlfcn.h
configure:8035: gcc -c -g -O2  conftest.c >&5
configure:8035: $? = 0
configure:8035: result: yes
configure:8203: checking for objdir
configure:8218: result: .libs
configure:8485: checking if gcc supports -fno-rtti -fno-exceptions
configure:8503: gcc -c -g -O2  -fno-rtti -fno-exceptions conftest.c >&5
cc1: warning: command line option '-fno-rtti' is valid for C++/ObjC++ but not for C [enabled by default]
configure:8507: $? = 0
configure:8520: result: no
configure:8830: checking for gcc option to produce PIC
configure:8837: result: -fPIC -DPIC
configure:8845: checking if gcc PIC flag -fPIC -DPIC works
configure:8863: gcc -c -g -O2  -fPIC -DPIC -DPIC conftest.c >&5
configure:8867: $? = 0
configure:8880: result: yes
configure:8909: checking if gcc static flag -static works
configure:8937: result: yes
configure:8952: checking if gcc supports -c -o file.o
configure:8973: gcc -c -g -O2  -o out/conftest2.o conftest.c >&5
configure:8977: $? = 0
configure:8999: result: yes
configure:9007: checking if gcc supports -c -o file.o
configure:9054: result: yes
configure:9087: checking whether the gcc linker (/usr/bin/ld -m elf_x86_64) supports shared libraries
configure:10249: result: yes
configure:10286: checking whether -lc should be explicitly linked in
configure:10294: gcc -c -g -O2  conftest.c >&5
configure:10297: $? = 0
configure:10312: gcc -shared  -fPIC -DPIC conftest.o  -v -Wl,-soname -Wl,conftest -o conftest 2\>\&1 \| /bin/grep  -lc  \>/dev/null 2\>\&1
configure:10315: $? = 0
configure:10329: result: no
configure:10494: checking dynamic linker characteristics
configure:11009: gcc -o conftest -g -O2   -Wl,-rpath -Wl,/foo conftest.c  >&5
configure:11009: $? = 0
configure:11243: result: GNU/Linux ld.so
configure:11350: checking how to hardcode library paths into programs
configure:11375: result: immediate
configure:11915: checking whether stripping libraries is possible
configure:11920: result: yes
configure:11955: checking if libtool supports shared libraries
configure:11957: result: yes
configure:11960: checking whether to build shared libraries
configure:11981: result: yes
configure:11984: checking whether to build static libraries
configure:11988: result: no
configure:12011: checking how to run the C++ preprocessor
configure:12038: g++ -E  conftest.cpp
configure:12038: $? = 0
configure:12052: g++ -E  conftest.cpp
conftest.cpp:23:28: fatal error: ac_nonexistent.h: No such file or directory
 #include <ac_nonexistent.h>
                            ^
compilation terminated.
configure:12052: $? = 1
configure: failed program was:
| /* confdefs.h */
| #define PACKAGE_NAME "HP Linux Imaging and Printing"
| #define PACKAGE_TARNAME "hplip"
| #define PACKAGE_VERSION "3.15.11"
| #define PACKAGE_STRING "HP Linux Imaging and Printing 3.15.11"
| #define PACKAGE_BUGREPORT "3.15.11"
| #define PACKAGE_URL ""
| #define PACKAGE "hplip"
| #define VERSION "3.15.11"
| #define STDC_HEADERS 1
| #define HAVE_SYS_TYPES_H 1
| #define HAVE_SYS_STAT_H 1
| #define HAVE_STDLIB_H 1
| #define HAVE_STRING_H 1
| #define HAVE_MEMORY_H 1
| #define HAVE_STRINGS_H 1
| #define HAVE_INTTYPES_H 1
| #define HAVE_STDINT_H 1
| #define HAVE_UNISTD_H 1
| #define HAVE_DLFCN_H 1
| #define LT_OBJDIR ".libs/"
| /* end confdefs.h.  */
| #include <ac_nonexistent.h>
configure:12077: result: g++ -E
configure:12097: g++ -E  conftest.cpp
configure:12097: $? = 0
configure:12111: g++ -E  conftest.cpp
conftest.cpp:23:28: fatal error: ac_nonexistent.h: No such file or directory
 #include <ac_nonexistent.h>
                            ^
compilation terminated.
configure:12111: $? = 1
configure: failed program was:
| /* confdefs.h */
| #define PACKAGE_NAME "HP Linux Imaging and Printing"
| #define PACKAGE_TARNAME "hplip"
| #define PACKAGE_VERSION "3.15.11"
| #define PACKAGE_STRING "HP Linux Imaging and Printing 3.15.11"
| #define PACKAGE_BUGREPORT "3.15.11"
| #define PACKAGE_URL ""
| #define PACKAGE "hplip"
| #define VERSION "3.15.11"
| #define STDC_HEADERS 1
| #define HAVE_SYS_TYPES_H 1
| #define HAVE_SYS_STAT_H 1
| #define HAVE_STDLIB_H 1
| #define HAVE_STRING_H 1
| #define HAVE_MEMORY_H 1
| #define HAVE_STRINGS_H 1
| #define HAVE_INTTYPES_H 1
| #define HAVE_STDINT_H 1
| #define HAVE_UNISTD_H 1
| #define HAVE_DLFCN_H 1
| #define LT_OBJDIR ".libs/"
| /* end confdefs.h.  */
| #include <ac_nonexistent.h>
configure:12281: checking for ld used by g++
configure:12348: result: /usr/bin/ld -m elf_x86_64
configure:12355: checking if the linker (/usr/bin/ld -m elf_x86_64) is GNU ld
configure:12370: result: yes
configure:12425: checking whether the g++ linker (/usr/bin/ld -m elf_x86_64) supports shared libraries
configure:13429: result: yes
configure:13464: g++ -c -g -O2  conftest.cpp >&5
configure:13467: $? = 0
configure:13987: checking for g++ option to produce PIC
configure:13994: result: -fPIC -DPIC
configure:14002: checking if g++ PIC flag -fPIC -DPIC works
configure:14020: g++ -c -g -O2  -fPIC -DPIC -DPIC conftest.cpp >&5
configure:14024: $? = 0
configure:14037: result: yes
configure:14060: checking if g++ static flag -static works
configure:14088: result: yes
configure:14100: checking if g++ supports -c -o file.o
configure:14121: g++ -c -g -O2  -o out/conftest2.o conftest.cpp >&5
configure:14125: $? = 0
configure:14147: result: yes
configure:14152: checking if g++ supports -c -o file.o
configure:14199: result: yes
configure:14229: checking whether the g++ linker (/usr/bin/ld -m elf_x86_64) supports shared libraries
configure:14266: result: yes
configure:14409: checking dynamic linker characteristics
configure:15092: result: GNU/Linux ld.so
configure:15145: checking how to hardcode library paths into programs
configure:15170: result: immediate
configure:15231: checking for pthread_create in -lpthread
configure:15256: gcc -o conftest -g -O2   conftest.c -lpthread   >&5
configure:15256: $? = 0
configure:15265: result: yes
configure:15273: checking for pow in -lm
configure:15298: gcc -o conftest -g -O2   conftest.c -lm   >&5
conftest.c:30:6: warning: conflicting types for built-in function 'pow' [enabled by default]
 char pow ();
      ^
configure:15298: $? = 0
configure:15307: result: yes
configure:15315: checking for jpeg_set_defaults in -ljpeg
configure:15340: gcc -o conftest -g -O2   conftest.c -ljpeg   >&5
configure:15340: $? = 0
configure:15349: result: yes
configure:15357: checking for dlopen in -ldl
configure:15382: gcc -o conftest -g -O2   conftest.c -ldl   >&5
configure:15382: $? = 0
configure:15391: result: yes
configure:15404: checking pthread.h usability
configure:15404: gcc -c -g -O2  conftest.c >&5
configure:15404: $? = 0
configure:15404: result: yes
configure:15404: checking pthread.h presence
configure:15404: gcc -E  conftest.c
configure:15404: $? = 0
configure:15404: result: yes
configure:15404: checking for pthread.h
configure:15404: result: yes
configure:15418: checking jpeglib.h usability
configure:15418: gcc -c -g -O2  conftest.c >&5
configure:15418: $? = 0
configure:15418: result: yes
configure:15418: checking jpeglib.h presence
configure:15418: gcc -E  conftest.c
configure:15418: $? = 0
configure:15418: result: yes
configure:15418: checking for jpeglib.h
configure:15418: result: yes
configure:15432: checking whether byte ordering is bigendian
configure:15447: gcc -c -g -O2  conftest.c >&5
conftest.c:27:9: error: unknown type name 'not'
         not a universal capable compiler
         ^
conftest.c:27:15: error: expected '=', ',', ';', 'asm' or '__attribute__' before 'universal'
         not a universal capable compiler
               ^
conftest.c:27:15: error: unknown type name 'universal'
configure:15447: $? = 1
configure: failed program was:
| /* confdefs.h */
| #define PACKAGE_NAME "HP Linux Imaging and Printing"
| #define PACKAGE_TARNAME "hplip"
| #define PACKAGE_VERSION "3.15.11"
| #define PACKAGE_STRING "HP Linux Imaging and Printing 3.15.11"
| #define PACKAGE_BUGREPORT "3.15.11"
| #define PACKAGE_URL ""
| #define PACKAGE "hplip"
| #define VERSION "3.15.11"
| #define STDC_HEADERS 1
| #define HAVE_SYS_TYPES_H 1
| #define HAVE_SYS_STAT_H 1
| #define HAVE_STDLIB_H 1
| #define HAVE_STRING_H 1
| #define HAVE_MEMORY_H 1
| #define HAVE_STRINGS_H 1
| #define HAVE_INTTYPES_H 1
| #define HAVE_STDINT_H 1
| #define HAVE_UNISTD_H 1
| #define HAVE_DLFCN_H 1
| #define LT_OBJDIR ".libs/"
| #define HAVE_LIBDL 1
| #define HAVE_PTHREAD_H 1
| #define HAVE_JPEGLIB_H 1
| /* end confdefs.h.  */
| #ifndef __APPLE_CC__
| 	       not a universal capable compiler
| 	     #endif
| 	     typedef int dummy;
| 
configure:15492: gcc -c -g -O2  conftest.c >&5
configure:15492: $? = 0
configure:15510: gcc -c -g -O2  conftest.c >&5
conftest.c: In function 'main':
conftest.c:33:4: error: unknown type name 'not'
    not big endian
    ^
conftest.c:33:12: error: expected '=', ',', ';', 'asm' or '__attribute__' before 'endian'
    not big endian
            ^
configure:15510: $? = 1
configure: failed program was:
| /* confdefs.h */
| #define PACKAGE_NAME "HP Linux Imaging and Printing"
| #define PACKAGE_TARNAME "hplip"
| #define PACKAGE_VERSION "3.15.11"
| #define PACKAGE_STRING "HP Linux Imaging and Printing 3.15.11"
| #define PACKAGE_BUGREPORT "3.15.11"
| #define PACKAGE_URL ""
| #define PACKAGE "hplip"
| #define VERSION "3.15.11"
| #define STDC_HEADERS 1
| #define HAVE_SYS_TYPES_H 1
| #define HAVE_SYS_STAT_H 1
| #define HAVE_STDLIB_H 1
| #define HAVE_STRING_H 1
| #define HAVE_MEMORY_H 1
| #define HAVE_STRINGS_H 1
| #define HAVE_INTTYPES_H 1
| #define HAVE_STDINT_H 1
| #define HAVE_UNISTD_H 1
| #define HAVE_DLFCN_H 1
| #define LT_OBJDIR ".libs/"
| #define HAVE_LIBDL 1
| #define HAVE_PTHREAD_H 1
| #define HAVE_JPEGLIB_H 1
| /* end confdefs.h.  */
| #include <sys/types.h>
| 		#include <sys/param.h>
| 
| int
| main ()
| {
| #if BYTE_ORDER != BIG_ENDIAN
| 		 not big endian
| 		#endif
| 
|   ;
|   return 0;
| }
configure:15638: result: no
configure:15669: checking for uint32_t
configure:15669: gcc -c -g -O2  conftest.c >&5
configure:15669: $? = 0
configure:15669: gcc -c -g -O2  conftest.c >&5
conftest.c: In function 'main':
conftest.c:31:23: error: expected expression before ')' token
 if (sizeof ((uint32_t)))
                       ^
configure:15669: $? = 1
configure: failed program was:
| /* confdefs.h */
| #define PACKAGE_NAME "HP Linux Imaging and Printing"
| #define PACKAGE_TARNAME "hplip"
| #define PACKAGE_VERSION "3.15.11"
| #define PACKAGE_STRING "HP Linux Imaging and Printing 3.15.11"
| #define PACKAGE_BUGREPORT "3.15.11"
| #define PACKAGE_URL ""
| #define PACKAGE "hplip"
| #define VERSION "3.15.11"
| #define STDC_HEADERS 1
| #define HAVE_SYS_TYPES_H 1
| #define HAVE_SYS_STAT_H 1
| #define HAVE_STDLIB_H 1
| #define HAVE_STRING_H 1
| #define HAVE_MEMORY_H 1
| #define HAVE_STRINGS_H 1
| #define HAVE_INTTYPES_H 1
| #define HAVE_STDINT_H 1
| #define HAVE_UNISTD_H 1
| #define HAVE_DLFCN_H 1
| #define LT_OBJDIR ".libs/"
| #define HAVE_LIBDL 1
| #define HAVE_PTHREAD_H 1
| #define HAVE_JPEGLIB_H 1
| /* end confdefs.h.  */
| #include "prnt/hpijs/auto-include.h"
| 
| int
| main ()
| {
| if (sizeof ((uint32_t)))
| 	    return 0;
|   ;
|   return 0;
| }
configure:15669: result: yes
configure:15681: checking "for platform-dependencies"
configure:15701: result: "using Default platform.h"
configure:15721: checking for documentation build
configure:15731: result: yes
configure:15746: checking for hpijs only build
configure:15766: result: no
configure:15781: checking for lite build
configure:15798: result: no
configure:15810: checking for hpcups only build
configure:15827: result: no
configure:15867: checking for hpijs install
configure:15883: result: no
configure:15895: checking for hpcups install
configure:15905: result: yes
configure:15921: checking for new hpcups install
configure:15934: result: no
configure:15946: checking for network build
configure:15956: result: yes
configure:15971: checking for parallel port build
configure:15988: result: no
configure:15992: checking for scanner build
configure:16002: result: yes
configure:16019: checking for gui build
configure:16029: result: yes
configure:16044: checking for fax build
configure:16054: result: yes
configure:16070: checking for apparmor profile
configure:16087: result: no
configure:16100: checking for dbus build
configure:16110: result: yes
configure:16117: checking for cups 1.1.x build
configure:16132: result: no
configure:16136: checking for udev sysfs enable rules
configure:16149: result: no
configure:16161: checking for shadow build
configure:16174: result: no
configure:16186: checking for libusb-0.1 build
configure:16201: result: no
configure:16300: checking for foomatic ppd install
configure:16316: result: no
configure:16337: checking for foomatic drv install
configure:16353: result: no
configure:16365: checking for cups drv install
configure:16375: result: yes
configure:16391: checking for cups ppd install
configure:16405: result: no
configure:16417: checking for foomatic-rip-hplip install
configure:16434: result: no
configure:16447: checking for qt4
configure:16457: result: yes
configure:16472: checking for qt3
configure:16485: result: no
configure:16516: checking for policykit
configure:16529: result: no
configure:16554: checking for host machine platform
configure:16566: result: x86_64
configure:16577: checking for CRYPTO_free in -lcrypto
configure:16602: gcc -o conftest -g -O2   conftest.c -lcrypto   >&5
configure:16602: $? = 0
configure:16611: result: yes
configure:16624: checking for snmp_timeout in -lnetsnmp
configure:16649: gcc -o conftest -g -O2   conftest.c -lnetsnmp  -lcrypto  >&5
configure:16649: $? = 0
configure:16658: result: yes
configure:16729: checking net-snmp/net-snmp-config.h usability
configure:16729: gcc -c -g -O2  conftest.c >&5
configure:16729: $? = 0
configure:16729: result: yes
configure:16729: checking net-snmp/net-snmp-config.h presence
configure:16729: gcc -E  conftest.c
configure:16729: $? = 0
configure:16729: result: yes
configure:16729: checking for net-snmp/net-snmp-config.h
configure:16729: result: yes
configure:16762: checking for cupsDoFileRequest in -lcups
configure:16787: gcc -o conftest -g -O2   conftest.c -lcups  -lcrypto  >&5
configure:16787: $? = 0
configure:16796: result: yes
configure:16806: checking cups/cups.h usability
configure:16806: gcc -c -g -O2  conftest.c >&5
configure:16806: $? = 0
configure:16806: result: yes
configure:16806: checking cups/cups.h presence
configure:16806: gcc -E  conftest.c
configure:16806: $? = 0
configure:16806: result: yes
configure:16806: checking for cups/cups.h
configure:16806: result: yes
configure:16876: checking for libusb_init in -lusb-1.0
configure:16901: gcc -o conftest -g -O2   conftest.c -lusb-1.0  -lcrypto  >&5
configure:16901: $? = 0
configure:16910: result: yes
configure:16920: checking libusb-1.0/libusb.h usability
configure:16920: gcc -c -g -O2  conftest.c >&5
configure:16920: $? = 0
configure:16920: result: yes
configure:16920: checking libusb-1.0/libusb.h presence
configure:16920: gcc -E  conftest.c
configure:16920: $? = 0
configure:16920: result: yes
configure:16920: checking for libusb-1.0/libusb.h
configure:16920: result: yes
configure:16968: checking for a Python interpreter with version >= 2.2
configure:16985: python -c import sys # split strings by '.' and convert to numeric. Append some zeros # because we need at least 4 digits for the hex conversion. # map returns an iterator in Python 3.0 and a list in 2.x minver = list(map(int, '2.2'.split('.'))) + [0, 0, 0] minverhex = 0 # xrange is not present in Python 3.0 and range returns an iterator for i in list(range(0, 4)): minverhex = (minverhex << 8) + minver[i] sys.exit(sys.hexversion < minverhex)
configure:16988: $? = 0
configure:16994: result: python
configure:17002: checking for python
configure:17020: found /usr/bin/python
configure:17032: result: /usr/bin/python
configure:17050: checking for python version
configure:17057: result: 2.7
configure:17069: checking for python platform
configure:17076: result: linux2
configure:17083: checking for python script directory
configure:17112: result: ${prefix}/lib/python2.7/dist-packages
configure:17121: checking for python extension module directory
configure:17150: result: ${exec_prefix}/lib/python2.7/dist-packages
configure:17163: checking for path to Python.h
configure:17166: result: "using /usr/include/python2.7 ....  python2.7/Python.h"
configure:17172: checking python2.7/Python.h usability
configure:17172: gcc -c -g -O2  conftest.c >&5
configure:17172: $? = 0
configure:17172: result: yes
configure:17172: checking python2.7/Python.h presence
configure:17172: gcc -E  conftest.c
configure:17172: $? = 0
configure:17172: result: yes
configure:17172: checking for python2.7/Python.h
configure:17172: result: yes
configure:17188: checking for sane_open in -lsane
configure:17213: gcc -o conftest -g -O2   conftest.c -lsane  -lcrypto  >&5
configure:17213: $? = 0
configure:17222: result: yes
configure:17290: checking for pkg-config
configure:17308: found /usr/bin/pkg-config
configure:17320: result: /usr/bin/pkg-config
configure:17345: checking pkg-config is at least version 0.9.0
configure:17348: result: yes
configure:17358: checking for DBUS
configure:17365: $PKG_CONFIG --exists --print-errors "dbus-1 >= 1.0.0"
configure:17368: $? = 0
configure:17382: $PKG_CONFIG --exists --print-errors "dbus-1 >= 1.0.0"
configure:17385: $? = 0
configure:17423: result: yes
configure:17427: checking for dbus_connection_open in -ldbus-1
configure:17452: gcc -o conftest -g -O2   conftest.c -ldbus-1  -lcrypto  >&5
configure:17452: $? = 0
configure:17461: result: yes
configure:17899: creating ./config.status

## ---------------------- ##
## Running config.status. ##
## ---------------------- ##

This file was extended by HP Linux Imaging and Printing config.status 3.15.11, which was
generated by GNU Autoconf 2.68.  Invocation command line was

  CONFIG_FILES    = 
  CONFIG_HEADERS  = 
  CONFIG_LINKS    = 
  CONFIG_COMMANDS = 
  $ ./config.status 

on BioSysAdmin

config.status:1215: creating Makefile
config.status:1215: creating hplip.conf
config.status:1215: creating hplip.desktop
config.status:1215: creating hplip-systray.desktop
config.status:1215: creating prnt/drv/hpijs.drv
config.status:1215: creating prnt/drv/hpcups.drv
config.status:1215: creating hplip.list
config.status:1215: creating data/policykit/com.hp.hplip.service
config.status:1387: executing depfiles commands
config.status:1387: executing libtool commands

## ---------------- ##
## Cache variables. ##
## ---------------- ##

ac_cv_build=x86_64-unknown-linux-gnu
ac_cv_c_bigendian=no
ac_cv_c_compiler_gnu=yes
ac_cv_cxx_compiler_gnu=yes
ac_cv_env_CCC_set=
ac_cv_env_CCC_value=
ac_cv_env_CC_set=
ac_cv_env_CC_value=
ac_cv_env_CFLAGS_set=
ac_cv_env_CFLAGS_value=
ac_cv_env_CPPFLAGS_set=
ac_cv_env_CPPFLAGS_value=
ac_cv_env_CPP_set=
ac_cv_env_CPP_value=
ac_cv_env_CXXCPP_set=
ac_cv_env_CXXCPP_value=
ac_cv_env_CXXFLAGS_set=
ac_cv_env_CXXFLAGS_value=
ac_cv_env_CXX_set=
ac_cv_env_CXX_value=
ac_cv_env_DBUS_CFLAGS_set=
ac_cv_env_DBUS_CFLAGS_value=
ac_cv_env_DBUS_LIBS_set=
ac_cv_env_DBUS_LIBS_value=
ac_cv_env_LDFLAGS_set=
ac_cv_env_LDFLAGS_value=
ac_cv_env_LIBS_set=
ac_cv_env_LIBS_value=
ac_cv_env_PKG_CONFIG_LIBDIR_set=
ac_cv_env_PKG_CONFIG_LIBDIR_value=
ac_cv_env_PKG_CONFIG_PATH_set=
ac_cv_env_PKG_CONFIG_PATH_value=
ac_cv_env_PKG_CONFIG_set=
ac_cv_env_PKG_CONFIG_value=
ac_cv_env_PYTHONINCLUDEDIR_set=
ac_cv_env_PYTHONINCLUDEDIR_value=
ac_cv_env_PYTHON_set=
ac_cv_env_PYTHON_value=
ac_cv_env_build_alias_set=
ac_cv_env_build_alias_value=
ac_cv_env_host_alias_set=
ac_cv_env_host_alias_value=
ac_cv_env_target_alias_set=
ac_cv_env_target_alias_value=
ac_cv_header_cups_cups_h=yes
ac_cv_header_dlfcn_h=yes
ac_cv_header_inttypes_h=yes
ac_cv_header_jpeglib_h=yes
ac_cv_header_libusb_1_0_libusb_h=yes
ac_cv_header_memory_h=yes
ac_cv_header_net_snmp_net_snmp_config_h=yes
ac_cv_header_pthread_h=yes
ac_cv_header_python2_7_Python_h=yes
ac_cv_header_stdc=yes
ac_cv_header_stdint_h=yes
ac_cv_header_stdlib_h=yes
ac_cv_header_string_h=yes
ac_cv_header_strings_h=yes
ac_cv_header_sys_stat_h=yes
ac_cv_header_sys_types_h=yes
ac_cv_header_unistd_h=yes
ac_cv_host=x86_64-unknown-linux-gnu
ac_cv_lib_crypto_CRYPTO_free=yes
ac_cv_lib_cups_cupsDoFileRequest=yes
ac_cv_lib_dbus_1_dbus_connection_open=yes
ac_cv_lib_dl_dlopen=yes
ac_cv_lib_jpeg_jpeg_set_defaults=yes
ac_cv_lib_m_pow=yes
ac_cv_lib_netsnmp_snmp_timeout=yes
ac_cv_lib_pthread_pthread_create=yes
ac_cv_lib_sane_sane_open=yes
ac_cv_lib_usb_1_0_libusb_init=yes
ac_cv_objext=o
ac_cv_path_EGREP='/bin/grep -E'
ac_cv_path_FGREP='/bin/grep -F'
ac_cv_path_GREP=/bin/grep
ac_cv_path_PYTHON=/usr/bin/python
ac_cv_path_SED=/bin/sed
ac_cv_path_ac_pt_PKG_CONFIG=/usr/bin/pkg-config
ac_cv_path_install='/usr/bin/install -c'
ac_cv_path_mkdir=/bin/mkdir
ac_cv_prog_AWK=gawk
ac_cv_prog_CPP='gcc -E'
ac_cv_prog_CXXCPP='g++ -E'
ac_cv_prog_ac_ct_AR=ar
ac_cv_prog_ac_ct_CC=gcc
ac_cv_prog_ac_ct_CXX=g++
ac_cv_prog_ac_ct_MANIFEST_TOOL=mt
ac_cv_prog_ac_ct_OBJDUMP=objdump
ac_cv_prog_ac_ct_RANLIB=ranlib
ac_cv_prog_ac_ct_STRIP=strip
ac_cv_prog_cc_c89=
ac_cv_prog_cc_g=yes
ac_cv_prog_cxx_g=yes
ac_cv_prog_make_make_set=yes
ac_cv_type_uint32_t=yes
am_cv_CC_dependencies_compiler_type=gcc3
am_cv_CXX_dependencies_compiler_type=gcc3
am_cv_pathless_PYTHON=python
am_cv_python_platform=linux2
am_cv_python_pyexecdir='${exec_prefix}/lib/python2.7/dist-packages'
am_cv_python_pythondir='${prefix}/lib/python2.7/dist-packages'
am_cv_python_version=2.7
lt_cv_ar_at_file=@
lt_cv_archive_cmds_need_lc=no
lt_cv_deplibs_check_method=pass_all
lt_cv_file_magic_cmd='$MAGIC_CMD'
lt_cv_file_magic_test_file=
lt_cv_ld_reload_flag=-r
lt_cv_nm_interface='BSD nm'
lt_cv_objdir=.libs
lt_cv_path_LD=/usr/bin/ld
lt_cv_path_LDCXX='/usr/bin/ld -m elf_x86_64'
lt_cv_path_NM='/usr/bin/nm -B'
lt_cv_path_mainfest_tool=no
lt_cv_prog_compiler_c_o=yes
lt_cv_prog_compiler_c_o_CXX=yes
lt_cv_prog_compiler_pic='-fPIC -DPIC'
lt_cv_prog_compiler_pic_CXX='-fPIC -DPIC'
lt_cv_prog_compiler_pic_works=yes
lt_cv_prog_compiler_pic_works_CXX=yes
lt_cv_prog_compiler_rtti_exceptions=no
lt_cv_prog_compiler_static_works=yes
lt_cv_prog_compiler_static_works_CXX=yes
lt_cv_prog_gnu_ld=yes
lt_cv_prog_gnu_ldcxx=yes
lt_cv_sharedlib_from_linklib_cmd='printf %s\n'
lt_cv_shlibpath_overrides_runpath=no
lt_cv_sys_global_symbol_pipe='sed -n -e '\''s/^.*[	 ]\([ABCDGIRSTW][ABCDGIRSTW]*\)[	 ][	 ]*\([_A-Za-z][_A-Za-z0-9]*\)$/\1 \2 \2/p'\'' | sed '\''/ __gnu_lto/d'\'''
lt_cv_sys_global_symbol_to_c_name_address='sed -n -e '\''s/^: \([^ ]*\)[ ]*$/  {\"\1\", (void *) 0},/p'\'' -e '\''s/^[ABCDGIRSTW]* \([^ ]*\) \([^ ]*\)$/  {"\2", (void *) \&\2},/p'\'''
lt_cv_sys_global_symbol_to_c_name_address_lib_prefix='sed -n -e '\''s/^: \([^ ]*\)[ ]*$/  {\"\1\", (void *) 0},/p'\'' -e '\''s/^[ABCDGIRSTW]* \([^ ]*\) \(lib[^ ]*\)$/  {"\2", (void *) \&\2},/p'\'' -e '\''s/^[ABCDGIRSTW]* \([^ ]*\) \([^ ]*\)$/  {"lib\2", (void *) \&\2},/p'\'''
lt_cv_sys_global_symbol_to_cdecl='sed -n -e '\''s/^T .* \(.*\)$/extern int \1();/p'\'' -e '\''s/^[ABCDGIRSTW]* .* \(.*\)$/extern char \1;/p'\'''
lt_cv_sys_max_cmd_len=1572864
lt_cv_to_host_file_cmd=func_convert_file_noop
lt_cv_to_tool_file_cmd=func_convert_file_noop
pkg_cv_DBUS_CFLAGS='-I/usr/include/dbus-1.0 -I/usr/lib/x86_64-linux-gnu/dbus-1.0/include  '
pkg_cv_DBUS_LIBS='-ldbus-1  '

## ----------------- ##
## Output variables. ##
## ----------------- ##

ACLOCAL='${SHELL} /home/alper/Downloads/hplip-3.15.11/missing --run aclocal-1.11'
AMDEPBACKSLASH='\'
AMDEP_FALSE='#'
AMDEP_TRUE=''
AMTAR='${SHELL} /home/alper/Downloads/hplip-3.15.11/missing --run tar'
APDK_AUTO_INCLUDE_FLAG='-DAPDK_AUTO_INCLUDE'
APDK_ENDIAN_FLAG='-DAPDK_LITTLE_ENDIAN'
APPARMOR_BUILD_FALSE=''
APPARMOR_BUILD_TRUE='#'
AR='ar'
AUTOCONF='${SHELL} /home/alper/Downloads/hplip-3.15.11/missing --run autoconf'
AUTOHEADER='${SHELL} /home/alper/Downloads/hplip-3.15.11/missing --run autoheader'
AUTOMAKE='${SHELL} /home/alper/Downloads/hplip-3.15.11/missing --run automake-1.11'
AWK='gawk'
CC='gcc'
CCDEPMODE='depmode=gcc3'
CFLAGS='-g -O2'
CPP='gcc -E'
CPPFLAGS=''
CUPS_DRV_INSTALL_FALSE='#'
CUPS_DRV_INSTALL_TRUE=''
CUPS_PPD_INSTALL_FALSE=''
CUPS_PPD_INSTALL_TRUE='#'
CXX='g++'
CXXCPP='g++ -E'
CXXDEPMODE='depmode=gcc3'
CXXFLAGS='-g -O2'
CYGPATH_W='echo'
DARWIN_BUILD_FALSE=''
DARWIN_BUILD_TRUE='#'
DBUS_CFLAGS='-I/usr/include/dbus-1.0 -I/usr/lib/x86_64-linux-gnu/dbus-1.0/include  '
DBUS_LIBS='-ldbus-1  '
DEFS='-DPACKAGE_NAME=\"HP\ Linux\ Imaging\ and\ Printing\" -DPACKAGE_TARNAME=\"hplip\" -DPACKAGE_VERSION=\"3.15.11\" -DPACKAGE_STRING=\"HP\ Linux\ Imaging\ and\ Printing\ 3.15.11\" -DPACKAGE_BUGREPORT=\"3.15.11\" -DPACKAGE_URL=\"\" -DPACKAGE=\"hplip\" -DVERSION=\"3.15.11\" -DSTDC_HEADERS=1 -DHAVE_SYS_TYPES_H=1 -DHAVE_SYS_STAT_H=1 -DHAVE_STDLIB_H=1 -DHAVE_STRING_H=1 -DHAVE_MEMORY_H=1 -DHAVE_STRINGS_H=1 -DHAVE_INTTYPES_H=1 -DHAVE_STDINT_H=1 -DHAVE_UNISTD_H=1 -DHAVE_DLFCN_H=1 -DLT_OBJDIR=\".libs/\" -DHAVE_LIBDL=1 -DHAVE_PTHREAD_H=1 -DHAVE_JPEGLIB_H=1 -DHAVE_UINT32_T=1 -DHAVE_LIBHPIP=1 -DHAVE_LIBHPIP=1 -DHAVE_LIBCRYPTO=1 -DHAVE_LIBNETSNMP=1 -DHAVE_NET_SNMP_NET_SNMP_CONFIG_H=1 -DHAVE_CUPS_CUPS_H=1 -DHAVE_LIBUSB_1_0_LIBUSB_H=1 -DHAVE_PYTHON2_7_PYTHON_H=1 -DHAVE_DBUS=1'
DEPDIR='.deps'
DLLTOOL='false'
DOC_BUILD_FALSE='#'
DOC_BUILD_TRUE=''
DSYMUTIL=''
DUMPBIN=''
ECHO_C=''
ECHO_N='-n'
ECHO_T=''
EGREP='/bin/grep -E'
EXEEXT=''
FAX_BUILD_FALSE='#'
FAX_BUILD_TRUE=''
FGREP='/bin/grep -F'
FOOMATIC_DRV_INSTALL_FALSE=''
FOOMATIC_DRV_INSTALL_TRUE='#'
FOOMATIC_PPD_INSTALL_FALSE=''
FOOMATIC_PPD_INSTALL_TRUE='#'
FULL_BUILD_FALSE='#'
FULL_BUILD_TRUE=''
GREP='/bin/grep'
GUI_BUILD_FALSE='#'
GUI_BUILD_TRUE=''
HPCUPS_INSTALL_FALSE='#'
HPCUPS_INSTALL_TRUE=''
HPCUPS_ONLY_BUILD_FALSE=''
HPCUPS_ONLY_BUILD_TRUE='#'
HPIJS_INSTALL_FALSE=''
HPIJS_INSTALL_TRUE='#'
HPIJS_ONLY_BUILD_FALSE=''
HPIJS_ONLY_BUILD_TRUE='#'
HPLIP_BUILD_FALSE='#'
HPLIP_BUILD_TRUE=''
INSTALL_DATA='${INSTALL} -m 644'
INSTALL_PROGRAM='${INSTALL}'
INSTALL_SCRIPT='${INSTALL}'
INSTALL_STRIP_PROGRAM='$(install_sh) -c -s'
LD='/usr/bin/ld -m elf_x86_64'
LDFLAGS=''
LIBOBJS=''
LIBS='-lcrypto '
LIBTOOL='$(SHELL) $(top_builddir)/libtool'
LIBUSB01_BUILD_FALSE=''
LIBUSB01_BUILD_TRUE='#'
LIPO=''
LITE_BUILD_FALSE=''
LITE_BUILD_TRUE='#'
LN_S='ln -s'
LTLIBOBJS=''
MAKEINFO='${SHELL} /home/alper/Downloads/hplip-3.15.11/missing --run makeinfo'
MANIFEST_TOOL=':'
MKDIR_P='/bin/mkdir -p'
NETWORK_BUILD_FALSE='#'
NETWORK_BUILD_TRUE=''
NEW_HPCUPS_FALSE=''
NEW_HPCUPS_TRUE='#'
NM='/usr/bin/nm -B'
NMEDIT=''
OBJDUMP='objdump'
OBJEXT='o'
OTOOL64=''
OTOOL=''
PACKAGE='hplip'
PACKAGE_BUGREPORT='3.15.11'
PACKAGE_NAME='HP Linux Imaging and Printing'
PACKAGE_STRING='HP Linux Imaging and Printing 3.15.11'
PACKAGE_TARNAME='hplip'
PACKAGE_URL=''
PACKAGE_VERSION='3.15.11'
PATH_SEPARATOR=':'
PKG_CONFIG='/usr/bin/pkg-config'
PKG_CONFIG_LIBDIR=''
PKG_CONFIG_PATH=''
POLICYKIT_INSTALL_FALSE=''
POLICYKIT_INSTALL_TRUE='#'
PYTHON='/usr/bin/python'
PYTHONINCLUDEDIR='/usr/include/python2.7'
PYTHON_EXEC_PREFIX='${exec_prefix}'
PYTHON_PLATFORM='linux2'
PYTHON_PREFIX='${prefix}'
PYTHON_VERSION='2.7'
QT3_INSTALL_FALSE=''
QT3_INSTALL_TRUE='#'
QT4_INSTALL_FALSE='#'
QT4_INSTALL_TRUE=''
RANLIB='ranlib'
RIP_INSTALL_FALSE=''
RIP_INSTALL_TRUE='#'
SCAN_BUILD_FALSE='#'
SCAN_BUILD_TRUE=''
SED='/bin/sed'
SET_MAKE=''
SHADOW_BUILD_FALSE=''
SHADOW_BUILD_TRUE='#'
SHELL='/bin/bash'
SNMPLIB='netsnmp'
STRIP='strip'
UDEV_SYSFS_RULES_FALSE=''
UDEV_SYSFS_RULES_TRUE='#'
VERSION='3.15.11'
abs_datadir='/usr/share'
abs_docdir='/usr/share/doc/hplip-3.15.11'
abs_drvdir='/usr/share/cups/drv/hp'
abs_hpppddir='/usr/share/ppd/HP'
abs_htmldir='/usr/share/doc/hplip-3.15.11'
abs_mimedir='/usr/share/cups/mime/'
abs_ppddir='/usr/share/ppd'
abs_sbindir='/usr/sbin'
ac_ct_AR='ar'
ac_ct_CC='gcc'
ac_ct_CXX='g++'
ac_ct_DUMPBIN=''
am__EXEEXT_FALSE=''
am__EXEEXT_TRUE='#'
am__fastdepCC_FALSE='#'
am__fastdepCC_TRUE=''
am__fastdepCXX_FALSE='#'
am__fastdepCXX_TRUE=''
am__include='include'
am__isrc=''
am__leading_dot='.'
am__quote=''
am__tar='${AMTAR} chof - "$$tardir"'
am__untar='${AMTAR} xf -'
apparmor_build='no'
apparmordir='/etc/apparmor.d'
bindir='${exec_prefix}/bin'
build='x86_64-unknown-linux-gnu'
build_alias=''
build_cpu='x86_64'
build_os='linux-gnu'
build_vendor='unknown'
cups11_build='no'
cups_drv_install='yes'
cups_ppd_install='no'
cupsbackenddir='/usr/lib/cups/backend'
cupsfilterdir='/usr/lib/cups/filter'
datadir='${datarootdir}'
datarootdir='${prefix}/share'
dbus_build='yes'
doc_build='yes'
docdir='${datarootdir}/doc/${PACKAGE_TARNAME}'
drvdir='${datarootdir}/cups/drv/hp'
dvidir='${docdir}'
epm_cups_drv_install='yes'
epm_cups_ppd_install=''
epm_foomatic_drv_install=''
epm_foomatic_ppd_install=''
epm_foomatic_rip_hplip_install=''
epm_full=''
epm_hpcups_install='yes'
epm_hpcups_only='#'
epm_hpijs_install=''
epm_hpijs_only='#'
epm_lite='#'
epm_print_only_exclude=''
epm_qt3='#'
epm_qt4=''
epm_scan=''
exec_prefix='${prefix}'
fax_build='yes'
foomatic_drv_install='no'
foomatic_filter='foomatic-rip'
foomatic_ppd_install='no'
foomatic_rip_hplip_install='no'
gui_build='yes'
host='x86_64-unknown-linux-gnu'
host_alias=''
host_cpu='x86_64'
host_os='linux-gnu'
host_vendor='unknown'
hpcups_install='yes'
hpcups_only_build='no'
hpdocdir='${datarootdir}/doc/hplip-3.15.11'
hphtmldir='${datarootdir}/doc/hplip-3.15.11'
hpijs_install='no'
hpijs_only_build='no'
hpppddir='/usr/share/ppd/HP'
htmldir='${docdir}'
icondir='/usr/share/applications'
includedir='${prefix}/include'
infodir='${datarootdir}/info'
install_sh='${SHELL} /home/alper/Downloads/hplip-3.15.11/install-sh'
libdir='/usr/lib/x86_64-linux-gnu'
libexecdir='${exec_prefix}/libexec'
libusb01_build='no'
lite_build='no'
localedir='${datarootdir}/locale'
localstatedir='${prefix}/var'
mandir='${datarootdir}/man'
mimedir='/usr/share/cups/mime/'
mkdir_p='/bin/mkdir -p'
network_build='yes'
oldincludedir='/usr/include'
pdfdir='${docdir}'
pkgpyexecdir='${pyexecdir}/hplip'
pkgpythondir='${pythondir}/hplip'
platform='x86_64'
policykit='no'
policykit_dir=''
pp_build='no'
prefix='/usr'
program_transform_name='s,x,x,'
psdir='${docdir}'
pyexecdir='${exec_prefix}/lib/python2.7/dist-packages'
pythondir='${prefix}/lib/python2.7/dist-packages'
qt3='no'
qt4='yes'
sbindir='${exec_prefix}/sbin'
scan_build='yes'
shadow_build='no'
sharedstatedir='${prefix}/com'
sysconfdir='${prefix}/etc'
systraydir='/etc/xdg/autostart'
target_alias=''
udev_sysfs_rules='no'
ui_toolkit='qt4'

## ----------- ##
## confdefs.h. ##
## ----------- ##

/* confdefs.h */
#define PACKAGE_NAME "HP Linux Imaging and Printing"
#define PACKAGE_TARNAME "hplip"
#define PACKAGE_VERSION "3.15.11"
#define PACKAGE_STRING "HP Linux Imaging and Printing 3.15.11"
#define PACKAGE_BUGREPORT "3.15.11"
#define PACKAGE_URL ""
#define PACKAGE "hplip"
#define VERSION "3.15.11"
#define STDC_HEADERS 1
#define HAVE_SYS_TYPES_H 1
#define HAVE_SYS_STAT_H 1
#define HAVE_STDLIB_H 1
#define HAVE_STRING_H 1
#define HAVE_MEMORY_H 1
#define HAVE_STRINGS_H 1
#define HAVE_INTTYPES_H 1
#define HAVE_STDINT_H 1
#define HAVE_UNISTD_H 1
#define HAVE_DLFCN_H 1
#define LT_OBJDIR ".libs/"
#define HAVE_LIBDL 1
#define HAVE_PTHREAD_H 1
#define HAVE_JPEGLIB_H 1
#define HAVE_UINT32_T 1
#define HAVE_LIBHPIP 1
#define HAVE_LIBHPIP 1
#define HAVE_LIBCRYPTO 1
#define HAVE_LIBNETSNMP 1
#define HAVE_NET_SNMP_NET_SNMP_CONFIG_H 1
#define HAVE_CUPS_CUPS_H 1
#define HAVE_LIBUSB_1_0_LIBUSB_H 1
#define HAVE_PYTHON2_7_PYTHON_H 1
#define HAVE_DBUS 1

configure: exit 0
